log
info
err
warn
[ [length]: 0,
  [constructor]: { [Function: Array]
    [length]: 1,
    [name]: 'Array',
    [prototype]: [Circular],
    [isArray]: { [Function: isArray] [length]: 1, [name]: 'isArray' },
    [from]: { [Function: from] [length]: 1, [name]: 'from' },
    [of]: { [Function: of] [length]: 0, [name]: 'of' },
    [Symbol(Symbol.species)]: [Getter] },
  [concat]: { [Function: concat] [length]: 1, [name]: 'concat' },
  [pop]: { [Function: pop] [length]: 0, [name]: 'pop' },
  [push]: { [Function: push] [length]: 1, [name]: 'push' },
  [shift]: { [Function: shift] [length]: 0, [name]: 'shift' },
  [unshift]: { [Function: unshift] [length]: 1, [name]: 'unshift' },
  [slice]: { [Function: slice] [length]: 2, [name]: 'slice' },
  [splice]: { [Function: splice] [length]: 2, [name]: 'splice' },
  [includes]: { [Function: includes] [length]: 1, [name]: 'includes' },
  [indexOf]: { [Function: indexOf] [length]: 1, [name]: 'indexOf' },
  [keys]: { [Function: keys] [length]: 0, [name]: 'keys' },
  [entries]: { [Function: entries] [length]: 0, [name]: 'entries' },
  [forEach]: { [Function: forEach] [length]: 1, [name]: 'forEach' },
  [filter]: { [Function: filter] [length]: 1, [name]: 'filter' },
  [map]: { [Function: map] [length]: 1, [name]: 'map' },
  [every]: { [Function: every] [length]: 1, [name]: 'every' },
  [some]: { [Function: some] [length]: 1, [name]: 'some' },
  [reduce]: { [Function: reduce] [length]: 1, [name]: 'reduce' },
  [reduceRight]: { [Function: reduceRight] [length]: 1, [name]: 'reduceRight' },
  [toString]: { [Function: toString] [length]: 0, [name]: 'toString' },
  [toLocaleString]: { [Function: toLocaleString] [length]: 0, [name]: 'toLocaleString' },
  [join]: { [Function: join] [length]: 1, [name]: 'join' },
  [reverse]: { [Function: reverse] [length]: 0, [name]: 'reverse' },
  [sort]: { [Function: sort] [length]: 1, [name]: 'sort' },
  [lastIndexOf]: { [Function: lastIndexOf] [length]: 1, [name]: 'lastIndexOf' },
  [copyWithin]: { [Function: copyWithin] [length]: 2, [name]: 'copyWithin' },
  [find]: { [Function: find] [length]: 1, [name]: 'find' },
  [findIndex]: { [Function: findIndex] [length]: 1, [name]: 'findIndex' },
  [fill]: { [Function: fill] [length]: 1, [name]: 'fill' },
  [Symbol(Symbol.iterator)]: { [Function: values] [length]: 0, [name]: 'values' },
  [Symbol(Symbol.unscopables)]: 
   { copyWithin: true,
     entries: true,
     fill: true,
     find: true,
     findIndex: true,
     includes: true,
     keys: true } ]
